<?xml version="1.0" encoding="UTF-8"?>
<!-- Generated by org.testng.reporters.JUnitXMLReporter -->
<testsuite hostname="LAPTOP-SLGHCS3M" ignored="0" name="Group of group Test" tests="2" failures="0" timestamp="27 Jul 2017 00:12:11 GMT" time="14.665" errors="0">
  <testcase name="dragAndDropTestCaseWithinFrame" time="0.571" classname="com.mg.qa.test.DifferentDrame"/>
  <testcase name="dragAndDropTestCaseWithinFrame" time="0.345" classname="com.mg.qa.test.SameFrame"/>
</testsuite> <!-- Group of group Test -->
