<?xml version="1.0" encoding="UTF-8"?>
<testng-results skipped="0" failed="0" ignored="0" total="2" passed="2">
  <reporter-output>
  </reporter-output>
  <suite name="Group of group Suite" duration-ms="14665" started-at="2017-07-27T00:11:56Z" finished-at="2017-07-27T00:12:11Z">
    <groups>
    </groups>
    <test name="Group of group Test" duration-ms="14665" started-at="2017-07-27T00:11:56Z" finished-at="2017-07-27T00:12:11Z">
      <class name="com.mg.qa.test.DifferentDrame">
        <test-method status="PASS" signature="setup()[pri:0, instance:com.mg.qa.test.DifferentDrame@12050f6]" name="setup" is-config="true" duration-ms="8583" started-at="2017-07-26T20:11:56Z" finished-at="2017-07-26T20:12:05Z">
          <reporter-output>
          </reporter-output>
        </test-method> <!-- setup -->
        <test-method status="PASS" signature="setup()[pri:0, instance:com.mg.qa.test.SameFrame@181a1bc]" name="setup" is-config="true" duration-ms="4939" started-at="2017-07-26T20:12:05Z" finished-at="2017-07-26T20:12:10Z">
          <reporter-output>
          </reporter-output>
        </test-method> <!-- setup -->
        <test-method status="PASS" signature="dragAndDropTestCaseWithinFrame()[pri:0, instance:com.mg.qa.test.DifferentDrame@12050f6]" name="dragAndDropTestCaseWithinFrame" duration-ms="571" started-at="2017-07-26T20:12:10Z" finished-at="2017-07-26T20:12:11Z">
          <reporter-output>
          </reporter-output>
        </test-method> <!-- dragAndDropTestCaseWithinFrame -->
      </class> <!-- com.mg.qa.test.DifferentDrame -->
      <class name="com.mg.qa.test.SameFrame">
        <test-method status="PASS" signature="dragAndDropTestCaseWithinFrame()[pri:0, instance:com.mg.qa.test.SameFrame@181a1bc]" name="dragAndDropTestCaseWithinFrame" duration-ms="345" started-at="2017-07-26T20:12:11Z" finished-at="2017-07-26T20:12:11Z">
          <reporter-output>
          </reporter-output>
        </test-method> <!-- dragAndDropTestCaseWithinFrame -->
      </class> <!-- com.mg.qa.test.SameFrame -->
    </test> <!-- Group of group Test -->
  </suite> <!-- Group of group Suite -->
</testng-results>
